<?xml version="1.0" encoding="UTF-8"?>
<!-- Generated by org.testng.reporters.JUnitReportReporter -->
<testsuite name="testcases.TC001_LoginLogOut" tests="2" time="89.647" ignored="0" failures="0" timestamp="08 Jan 2018 10:04:47 GMT" skipped="0" hostname="maxpro11" errors="0">
  <testcase name="loginLogOut" time="42.694" classname="testcases.TC001_LoginLogOut"/>
  <testcase name="loginLogOut" time="46.953" classname="testcases.TC001_LoginLogOut"/>
</testsuite> <!-- testcases.TC001_LoginLogOut -->
