<?xml version="1.0" encoding="UTF-8"?>
<!-- Generated by org.testng.reporters.JUnitReportReporter -->
<testsuite name="testcases.TC001_LoginLogOut" tests="2" time="6616.520" ignored="0" failures="0" timestamp="06 Jan 2018 13:36:10 GMT" skipped="0" hostname="maxpro11" errors="2">
  <testcase name="loginLogOut" time="44.896" classname="testcases.TC001_LoginLogOut">
    <error type="java.lang.RuntimeException" message="FAILED">
      <![CDATA[java.lang.RuntimeException: FAILED
	at utils.Reporter.reportStep(Reporter.java:33)
	at utils.Reporter.reportStep(Reporter.java:43)
	at wrappers.GenericWrappers.clickByXpath(GenericWrappers.java:373)
	at pages.HomePage.CloseOfferwindow(HomePage.java:25)
	at testcases.TC001_LoginLogOut.loginLogOut(TC001_LoginLogOut.java:26)
	at sun.reflect.NativeMethodAccessorImpl.invoke0(Native Method)
	at sun.reflect.NativeMethodAccessorImpl.invoke(Unknown Source)
	at sun.reflect.DelegatingMethodAccessorImpl.invoke(Unknown Source)
	at java.lang.reflect.Method.invoke(Unknown Source)
	at org.testng.internal.MethodInvocationHelper.invokeMethod(MethodInvocationHelper.java:104)
	at org.testng.internal.Invoker.invokeMethod(Invoker.java:645)
	at org.testng.internal.Invoker.invokeTestMethod(Invoker.java:851)
	at org.testng.internal.Invoker.invokeTestMethods(Invoker.java:1177)
	at org.testng.internal.TestMethodWorker.invokeTestMethods(TestMethodWorker.java:129)
	at org.testng.internal.TestMethodWorker.run(TestMethodWorker.java:112)
	at org.testng.TestRunner.privateRun(TestRunner.java:756)
	at org.testng.TestRunner.run(TestRunner.java:610)
	at org.testng.SuiteRunner.runTest(SuiteRunner.java:387)
	at org.testng.SuiteRunner.runSequentially(SuiteRunner.java:382)
	at org.testng.SuiteRunner.privateRun(SuiteRunner.java:340)
	at org.testng.SuiteRunner.run(SuiteRunner.java:289)
	at org.testng.SuiteRunnerWorker.runSuite(SuiteRunnerWorker.java:52)
	at org.testng.SuiteRunnerWorker.run(SuiteRunnerWorker.java:86)
	at org.testng.TestNG.runSuitesSequentially(TestNG.java:1293)
	at org.testng.TestNG.runSuitesLocally(TestNG.java:1218)
	at org.testng.TestNG.runSuites(TestNG.java:1133)
	at org.testng.TestNG.run(TestNG.java:1104)
	at org.testng.remote.AbstractRemoteTestNG.run(AbstractRemoteTestNG.java:132)
	at org.testng.remote.RemoteTestNG.initAndRun(RemoteTestNG.java:236)
	at org.testng.remote.RemoteTestNG.main(RemoteTestNG.java:81)
]]>
    </error>
  </testcase> <!-- loginLogOut -->
  <testcase name="loginLogOut" time="6571.624" classname="testcases.TC001_LoginLogOut">
    <error type="java.lang.StackOverflowError">
      <![CDATA[java.lang.StackOverflowError
	at java.net.SocketInputStream.socketRead0(Native Method)
	at java.net.SocketInputStream.socketRead(Unknown Source)
	at java.net.SocketInputStream.read(Unknown Source)
	at java.net.SocketInputStream.read(Unknown Source)
	at org.apache.http.impl.io.SessionInputBufferImpl.streamRead(SessionInputBufferImpl.java:137)
	at org.apache.http.impl.io.SessionInputBufferImpl.fillBuffer(SessionInputBufferImpl.java:153)
	at org.apache.http.impl.BHttpConnectionBase.fillInputBuffer(BHttpConnectionBase.java:344)
	at org.apache.http.impl.BHttpConnectionBase.isStale(BHttpConnectionBase.java:364)
	at org.apache.http.impl.conn.CPoolProxy.isStale(CPoolProxy.java:112)
	at org.apache.http.impl.execchain.MainClientExec.execute(MainClientExec.java:209)
	at org.apache.http.impl.execchain.ProtocolExec.execute(ProtocolExec.java:185)
	at org.apache.http.impl.execchain.RetryExec.execute(RetryExec.java:89)
	at org.apache.http.impl.execchain.RedirectExec.execute(RedirectExec.java:111)
	at org.apache.http.impl.client.InternalHttpClient.doExecute(InternalHttpClient.java:185)
	at org.apache.http.impl.client.CloseableHttpClient.execute(CloseableHttpClient.java:72)
	at org.apache.http.impl.client.CloseableHttpClient.execute(CloseableHttpClient.java:56)
	at org.openqa.selenium.remote.internal.ApacheHttpClient.fallBackExecute(ApacheHttpClient.java:138)
	at org.openqa.selenium.remote.internal.ApacheHttpClient.execute(ApacheHttpClient.java:86)
	at org.openqa.selenium.remote.HttpCommandExecutor.execute(HttpCommandExecutor.java:161)
	at org.openqa.selenium.remote.RemoteWebDriver.execute(RemoteWebDriver.java:601)
	at org.openqa.selenium.remote.RemoteWebDriver.execute(RemoteWebDriver.java:658)
	at org.openqa.selenium.remote.RemoteWebDriver.getScreenshotAs(RemoteWebDriver.java:343)
	at wrappers.GenericWrappers.takeSnap(GenericWrappers.java:576)
	at utils.Reporter.reportStep(Reporter.java:20)
	at utils.Reporter.reportStep(Reporter.java:43)
	at wrappers.GenericWrappers.takeSnap(GenericWrappers.java:578)
	at utils.Reporter.reportStep(Reporter.java:20)
	at utils.Reporter.reportStep(Reporter.java:43)
	at wrappers.GenericWrappers.takeSnap(GenericWrappers.java:578)
	at utils.Reporter.reportStep(Reporter.java:20)
	at utils.Reporter.reportStep(Reporter.java:43)
	at wrappers.GenericWrappers.takeSnap(GenericWrappers.java:578)
	at utils.Reporter.reportStep(Reporter.java:20)
	at utils.Reporter.reportStep(Reporter.java:43)
	at wrappers.GenericWrappers.takeSnap(GenericWrappers.java:578)
	at utils.Reporter.reportStep(Reporter.java:20)
	at utils.Reporter.reportStep(Reporter.java:43)
	at wrappers.GenericWrappers.takeSnap(GenericWrappers.java:578)
	at utils.Reporter.reportStep(Reporter.java:20)
	at utils.Reporter.reportStep(Reporter.java:43)
	at wrappers.GenericWrappers.takeSnap(GenericWrappers.java:578)
	at utils.Reporter.reportStep(Reporter.java:20)
	at utils.Reporter.reportStep(Reporter.java:43)
	at wrappers.GenericWrappers.takeSnap(GenericWrappers.java:578)
	at utils.Reporter.reportStep(Reporter.java:20)
	at utils.Reporter.reportStep(Reporter.java:43)
	at wrappers.GenericWrappers.takeSnap(GenericWrappers.java:578)
	at utils.Reporter.reportStep(Reporter.java:20)
	at utils.Reporter.reportStep(Reporter.java:43)
	at wrappers.GenericWrappers.takeSnap(GenericWrappers.java:578)
	at utils.Reporter.reportStep(Reporter.java:20)
	at utils.Reporter.reportStep(Reporter.java:43)
	at wrappers.GenericWrappers.takeSnap(GenericWrappers.java:578)
	at utils.Reporter.reportStep(Reporter.java:20)
	at utils.Reporter.reportStep(Reporter.java:43)
	at wrappers.GenericWrappers.takeSnap(GenericWrappers.java:578)
	at utils.Reporter.reportStep(Reporter.java:20)
	at utils.Reporter.reportStep(Reporter.java:43)
	at wrappers.GenericWrappers.takeSnap(GenericWrappers.java:578)
	at utils.Reporter.reportStep(Reporter.java:20)
	at utils.Reporter.reportStep(Reporter.java:43)
	at wrappers.GenericWrappers.takeSnap(GenericWrappers.java:578)
	at utils.Reporter.reportStep(Reporter.java:20)
	at utils.Reporter.reportStep(Reporter.java:43)
	at wrappers.GenericWrappers.takeSnap(GenericWrappers.java:578)
	at utils.Reporter.reportStep(Reporter.java:20)
	at utils.Reporter.reportStep(Reporter.java:43)
	at wrappers.GenericWrappers.takeSnap(GenericWrappers.java:578)
	at utils.Reporter.reportStep(Reporter.java:20)
	at utils.Reporter.reportStep(Reporter.java:43)
	at wrappers.GenericWrappers.takeSnap(GenericWrappers.java:578)
	at utils.Reporter.reportStep(Reporter.java:20)
	at utils.Reporter.reportStep(Reporter.java:43)
	at wrappers.GenericWrappers.takeSnap(GenericWrappers.java:578)
	at utils.Reporter.reportStep(Reporter.java:20)
	at utils.Reporter.reportStep(Reporter.java:43)
	at wrappers.GenericWrappers.takeSnap(GenericWrappers.java:578)
	at utils.Reporter.reportStep(Reporter.java:20)
	at utils.Reporter.reportStep(Reporter.java:43)
	at wrappers.GenericWrappers.takeSnap(GenericWrappers.java:578)
	at utils.Reporter.reportStep(Reporter.java:20)
	at utils.Reporter.reportStep(Reporter.java:43)
	at wrappers.GenericWrappers.takeSnap(GenericWrappers.java:578)
	at utils.Reporter.reportStep(Reporter.java:20)
	at utils.Reporter.reportStep(Reporter.java:43)
	at wrappers.GenericWrappers.takeSnap(GenericWrappers.java:578)
	at utils.Reporter.reportStep(Reporter.java:20)
	at utils.Reporter.reportStep(Reporter.java:43)
	at wrappers.GenericWrappers.takeSnap(GenericWrappers.java:578)
	at utils.Reporter.reportStep(Reporter.java:20)
	at utils.Reporter.reportStep(Reporter.java:43)
	at wrappers.GenericWrappers.takeSnap(GenericWrappers.java:578)
	at utils.Reporter.reportStep(Reporter.java:20)
	at utils.Reporter.reportStep(Reporter.java:43)
	at wrappers.GenericWrappers.takeSnap(GenericWrappers.java:578)
	at utils.Reporter.reportStep(Reporter.java:20)
	at utils.Reporter.reportStep(Reporter.java:43)
	at wrappers.GenericWrappers.takeSnap(GenericWrappers.java:578)
	at utils.Reporter.reportStep(Reporter.java:20)
	at utils.Reporter.reportStep(Reporter.java:43)
	at wrappers.GenericWrappers.takeSnap(GenericWrappers.java:578)
	at utils.Reporter.reportStep(Reporter.java:20)
	at utils.Reporter.reportStep(Reporter.java:43)
	at wrappers.GenericWrappers.takeSnap(GenericWrappers.java:578)
	at utils.Reporter.reportStep(Reporter.java:20)
	at utils.Reporter.reportStep(Reporter.java:43)
	at wrappers.GenericWrappers.takeSnap(GenericWrappers.java:578)
	at utils.Reporter.reportStep(Reporter.java:20)
	at utils.Reporter.reportStep(Reporter.java:43)
	at wrappers.GenericWrappers.takeSnap(GenericWrappers.java:578)
	at utils.Reporter.reportStep(Reporter.java:20)
	at utils.Reporter.reportStep(Reporter.java:43)
	at wrappers.GenericWrappers.takeSnap(GenericWrappers.java:578)
	at utils.Reporter.reportStep(Reporter.java:20)
	at utils.Reporter.reportStep(Reporter.java:43)
	at wrappers.GenericWrappers.takeSnap(GenericWrappers.java:578)
	at utils.Reporter.reportStep(Reporter.java:20)
	at utils.Reporter.reportStep(Reporter.java:43)
	at wrappers.GenericWrappers.takeSnap(GenericWrappers.java:578)
	at utils.Reporter.reportStep(Reporter.java:20)
	at utils.Reporter.reportStep(Reporter.java:43)
	at wrappers.GenericWrappers.takeSnap(GenericWrappers.java:578)
	at utils.Reporter.reportStep(Reporter.java:20)
	at utils.Reporter.reportStep(Reporter.java:43)
	at wrappers.GenericWrappers.takeSnap(GenericWrappers.java:578)
	at utils.Reporter.reportStep(Reporter.java:20)
	at utils.Reporter.reportStep(Reporter.java:43)
	at wrappers.GenericWrappers.takeSnap(GenericWrappers.java:578)
	at utils.Reporter.reportStep(Reporter.java:20)
	at utils.Reporter.reportStep(Reporter.java:43)
	at wrappers.GenericWrappers.takeSnap(GenericWrappers.java:578)
	at utils.Reporter.reportStep(Reporter.java:20)
	at utils.Reporter.reportStep(Reporter.java:43)
	at wrappers.GenericWrappers.takeSnap(GenericWrappers.java:578)
	at utils.Reporter.reportStep(Reporter.java:20)
	at utils.Reporter.reportStep(Reporter.java:43)
	at wrappers.GenericWrappers.takeSnap(GenericWrappers.java:578)
	at utils.Reporter.reportStep(Reporter.java:20)
	at utils.Reporter.reportStep(Reporter.java:43)
	at wrappers.GenericWrappers.takeSnap(GenericWrappers.java:578)
	at utils.Reporter.reportStep(Reporter.java:20)
	at utils.Reporter.reportStep(Reporter.java:43)
	at wrappers.GenericWrappers.takeSnap(GenericWrappers.java:578)
	at utils.Reporter.reportStep(Reporter.java:20)
	at utils.Reporter.reportStep(Reporter.java:43)
	at wrappers.GenericWrappers.takeSnap(GenericWrappers.java:578)
	at utils.Reporter.reportStep(Reporter.java:20)
	at utils.Reporter.reportStep(Reporter.java:43)
	at wrappers.GenericWrappers.takeSnap(GenericWrappers.java:578)
	at utils.Reporter.reportStep(Reporter.java:20)
	at utils.Reporter.reportStep(Reporter.java:43)
	at wrappers.GenericWrappers.takeSnap(GenericWrappers.java:578)
	at utils.Reporter.reportStep(Reporter.java:20)
	at utils.Reporter.reportStep(Reporter.java:43)
	at wrappers.GenericWrappers.takeSnap(GenericWrappers.java:578)
	at utils.Reporter.reportStep(Reporter.java:20)
	at utils.Reporter.reportStep(Reporter.java:43)
	at wrappers.GenericWrappers.takeSnap(GenericWrappers.java:578)
	at utils.Reporter.reportStep(Reporter.java:20)
	at utils.Reporter.reportStep(Reporter.java:43)
	at wrappers.GenericWrappers.takeSnap(GenericWrappers.java:578)
	at utils.Reporter.reportStep(Reporter.java:20)
	at utils.Reporter.reportStep(Reporter.java:43)
	at wrappers.GenericWrappers.takeSnap(GenericWrappers.java:578)
	at utils.Reporter.reportStep(Reporter.java:20)
	at utils.Reporter.reportStep(Reporter.java:43)
	at wrappers.GenericWrappers.takeSnap(GenericWrappers.java:578)
	at utils.Reporter.reportStep(Reporter.java:20)
	at utils.Reporter.reportStep(Reporter.java:43)
	at wrappers.GenericWrappers.takeSnap(GenericWrappers.java:578)
	at utils.Reporter.reportStep(Reporter.java:20)
	at utils.Reporter.reportStep(Reporter.java:43)
	at wrappers.GenericWrappers.takeSnap(GenericWrappers.java:578)
	at utils.Reporter.reportStep(Reporter.java:20)
	at utils.Reporter.reportStep(Reporter.java:43)
	at wrappers.GenericWrappers.takeSnap(GenericWrappers.java:578)
	at utils.Reporter.reportStep(Reporter.java:20)
	at utils.Reporter.reportStep(Reporter.java:43)
	at wrappers.GenericWrappers.takeSnap(GenericWrappers.java:578)
	at utils.Reporter.reportStep(Reporter.java:20)
	at utils.Reporter.reportStep(Reporter.java:43)
	at wrappers.GenericWrappers.takeSnap(GenericWrappers.java:578)
	at utils.Reporter.reportStep(Reporter.java:20)
	at utils.Reporter.reportStep(Reporter.java:43)
	at wrappers.GenericWrappers.takeSnap(GenericWrappers.java:578)
	at utils.Reporter.reportStep(Reporter.java:20)
	at utils.Reporter.reportStep(Reporter.java:43)
	at wrappers.GenericWrappers.takeSnap(GenericWrappers.java:578)
	at utils.Reporter.reportStep(Reporter.java:20)
	at utils.Reporter.reportStep(Reporter.java:43)
	at wrappers.GenericWrappers.takeSnap(GenericWrappers.java:578)
	at utils.Reporter.reportStep(Reporter.java:20)
	at utils.Reporter.reportStep(Reporter.java:43)
	at wrappers.GenericWrappers.takeSnap(GenericWrappers.java:578)
	at utils.Reporter.reportStep(Reporter.java:20)
	at utils.Reporter.reportStep(Reporter.java:43)
	at wrappers.GenericWrappers.takeSnap(GenericWrappers.java:578)
	at utils.Reporter.reportStep(Reporter.java:20)
	at utils.Reporter.reportStep(Reporter.java:43)
	at wrappers.GenericWrappers.takeSnap(GenericWrappers.java:578)
	at utils.Reporter.reportStep(Reporter.java:20)
	at utils.Reporter.reportStep(Reporter.java:43)
	at wrappers.GenericWrappers.takeSnap(GenericWrappers.java:578)
	at utils.Reporter.reportStep(Reporter.java:20)
	at utils.Reporter.reportStep(Reporter.java:43)
	at wrappers.GenericWrappers.takeSnap(GenericWrappers.java:578)
	at utils.Reporter.reportStep(Reporter.java:20)
	at utils.Reporter.reportStep(Reporter.java:43)
	at wrappers.GenericWrappers.takeSnap(GenericWrappers.java:578)
	at utils.Reporter.reportStep(Reporter.java:20)
	at utils.Reporter.reportStep(Reporter.java:43)
	at wrappers.GenericWrappers.takeSnap(GenericWrappers.java:578)
	at utils.Reporter.reportStep(Reporter.java:20)
	at utils.Reporter.reportStep(Reporter.java:43)
	at wrappers.GenericWrappers.takeSnap(GenericWrappers.java:578)
	at utils.Reporter.reportStep(Reporter.java:20)
	at utils.Reporter.reportStep(Reporter.java:43)
	at wrappers.GenericWrappers.takeSnap(GenericWrappers.java:578)
	at utils.Reporter.reportStep(Reporter.java:20)
	at utils.Reporter.reportStep(Reporter.java:43)
	at wrappers.GenericWrappers.takeSnap(GenericWrappers.java:578)
	at utils.Reporter.reportStep(Reporter.java:20)
	at utils.Reporter.reportStep(Reporter.java:43)
	at wrappers.GenericWrappers.takeSnap(GenericWrappers.java:578)
	at utils.Reporter.reportStep(Reporter.java:20)
	at utils.Reporter.reportStep(Reporter.java:43)
	at wrappers.GenericWrappers.takeSnap(GenericWrappers.java:578)
	at utils.Reporter.reportStep(Reporter.java:20)
	at utils.Reporter.reportStep(Reporter.java:43)
	at wrappers.GenericWrappers.takeSnap(GenericWrappers.java:578)
	at utils.Reporter.reportStep(Reporter.java:20)
	at utils.Reporter.reportStep(Reporter.java:43)
	at wrappers.GenericWrappers.takeSnap(GenericWrappers.java:578)
	at utils.Reporter.reportStep(Reporter.java:20)
	at utils.Reporter.reportStep(Reporter.java:43)
	at wrappers.GenericWrappers.takeSnap(GenericWrappers.java:578)
	at utils.Reporter.reportStep(Reporter.java:20)
	at utils.Reporter.reportStep(Reporter.java:43)
	at wrappers.GenericWrappers.takeSnap(GenericWrappers.java:578)
	at utils.Reporter.reportStep(Reporter.java:20)
	at utils.Reporter.reportStep(Reporter.java:43)
	at wrappers.GenericWrappers.takeSnap(GenericWrappers.java:578)
	at utils.Reporter.reportStep(Reporter.java:20)
	at utils.Reporter.reportStep(Reporter.java:43)
	at wrappers.GenericWrappers.takeSnap(GenericWrappers.java:578)
	at utils.Reporter.reportStep(Reporter.java:20)
	at utils.Reporter.reportStep(Reporter.java:43)
	at wrappers.GenericWrappers.takeSnap(GenericWrappers.java:578)
	at utils.Reporter.reportStep(Reporter.java:20)
	at utils.Reporter.reportStep(Reporter.java:43)
	at wrappers.GenericWrappers.takeSnap(GenericWrappers.java:578)
	at utils.Reporter.reportStep(Reporter.java:20)
	at utils.Reporter.reportStep(Reporter.java:43)
	at wrappers.GenericWrappers.takeSnap(GenericWrappers.java:578)
	at utils.Reporter.reportStep(Reporter.java:20)
	at utils.Reporter.reportStep(Reporter.java:43)
	at wrappers.GenericWrappers.takeSnap(GenericWrappers.java:578)
	at utils.Reporter.reportStep(Reporter.java:20)
	at utils.Reporter.reportStep(Reporter.java:43)
	at wrappers.GenericWrappers.takeSnap(GenericWrappers.java:578)
	at utils.Reporter.reportStep(Reporter.java:20)
	at utils.Reporter.reportStep(Reporter.java:43)
	at wrappers.GenericWrappers.takeSnap(GenericWrappers.java:578)
	at utils.Reporter.reportStep(Reporter.java:20)
	at utils.Reporter.reportStep(Reporter.java:43)
	at wrappers.GenericWrappers.takeSnap(GenericWrappers.java:578)
	at utils.Reporter.reportStep(Reporter.java:20)
	at utils.Reporter.reportStep(Reporter.java:43)
	at wrappers.GenericWrappers.takeSnap(GenericWrappers.java:578)
	at utils.Reporter.reportStep(Reporter.java:20)
	at utils.Reporter.reportStep(Reporter.java:43)
	at wrappers.GenericWrappers.takeSnap(GenericWrappers.java:578)
	at utils.Reporter.reportStep(Reporter.java:20)
	at utils.Reporter.reportStep(Reporter.java:43)
	at wrappers.GenericWrappers.takeSnap(GenericWrappers.java:578)
	at utils.Reporter.reportStep(Reporter.java:20)
	at utils.Reporter.reportStep(Reporter.java:43)
	at wrappers.GenericWrappers.takeSnap(GenericWrappers.java:578)
	at utils.Reporter.reportStep(Reporter.java:20)
	at utils.Reporter.reportStep(Reporter.java:43)
	at wrappers.GenericWrappers.takeSnap(GenericWrappers.java:578)
	at utils.Reporter.reportStep(Reporter.java:20)
	at utils.Reporter.reportStep(Reporter.java:43)
	at wrappers.GenericWrappers.takeSnap(GenericWrappers.java:578)
	at utils.Reporter.reportStep(Reporter.java:20)
	at utils.Reporter.reportStep(Reporter.java:43)
	at wrappers.GenericWrappers.takeSnap(GenericWrappers.java:578)
	at utils.Reporter.reportStep(Reporter.java:20)
	at utils.Reporter.reportStep(Reporter.java:43)
	at wrappers.GenericWrappers.takeSnap(GenericWrappers.java:578)
	at utils.Reporter.reportStep(Reporter.java:20)
	at utils.Reporter.reportStep(Reporter.java:43)
	at wrappers.GenericWrappers.takeSnap(GenericWrappers.java:578)
	at utils.Reporter.reportStep(Reporter.java:20)
	at utils.Reporter.reportStep(Reporter.java:43)
	at wrappers.GenericWrappers.takeSnap(GenericWrappers.java:578)
	at utils.Reporter.reportStep(Reporter.java:20)
	at utils.Reporter.reportStep(Reporter.java:43)
	at wrappers.GenericWrappers.takeSnap(GenericWrappers.java:578)
	at utils.Reporter.reportStep(Reporter.java:20)
	at utils.Reporter.reportStep(Reporter.java:43)
	at wrappers.GenericWrappers.takeSnap(GenericWrappers.java:578)
	at utils.Reporter.reportStep(Reporter.java:20)
	at utils.Reporter.reportStep(Reporter.java:43)
	at wrappers.GenericWrappers.takeSnap(GenericWrappers.java:578)
	at utils.Reporter.reportStep(Reporter.java:20)
	at utils.Reporter.reportStep(Reporter.java:43)
	at wrappers.GenericWrappers.takeSnap(GenericWrappers.java:578)
	at utils.Reporter.reportStep(Reporter.java:20)
	at utils.Reporter.reportStep(Reporter.java:43)
	at wrappers.GenericWrappers.takeSnap(GenericWrappers.java:578)
	at utils.Reporter.reportStep(Reporter.java:20)
	at utils.Reporter.reportStep(Reporter.java:43)
	at wrappers.GenericWrappers.takeSnap(GenericWrappers.java:578)
	at utils.Reporter.reportStep(Reporter.java:20)
	at utils.Reporter.reportStep(Reporter.java:43)
	at wrappers.GenericWrappers.takeSnap(GenericWrappers.java:578)
	at utils.Reporter.reportStep(Reporter.java:20)
	at utils.Reporter.reportStep(Reporter.java:43)
	at wrappers.GenericWrappers.takeSnap(GenericWrappers.java:578)
	at utils.Reporter.reportStep(Reporter.java:20)
	at utils.Reporter.reportStep(Reporter.java:43)
	at wrappers.GenericWrappers.takeSnap(GenericWrappers.java:578)
	at utils.Reporter.reportStep(Reporter.java:20)
	at utils.Reporter.reportStep(Reporter.java:43)
	at wrappers.GenericWrappers.takeSnap(GenericWrappers.java:578)
	at utils.Reporter.reportStep(Reporter.java:20)
	at utils.Reporter.reportStep(Reporter.java:43)
	at wrappers.GenericWrappers.takeSnap(GenericWrappers.java:578)
	at utils.Reporter.reportStep(Reporter.java:20)
	at utils.Reporter.reportStep(Reporter.java:43)
	at wrappers.GenericWrappers.takeSnap(GenericWrappers.java:578)
	at utils.Reporter.reportStep(Reporter.java:20)
	at utils.Reporter.reportStep(Reporter.java:43)
	at wrappers.GenericWrappers.takeSnap(GenericWrappers.java:578)
	at utils.Reporter.reportStep(Reporter.java:20)
	at utils.Reporter.reportStep(Reporter.java:43)
	at wrappers.GenericWrappers.takeSnap(GenericWrappers.java:578)
	at utils.Reporter.reportStep(Reporter.java:20)
	at utils.Reporter.reportStep(Reporter.java:43)
	at wrappers.GenericWrappers.takeSnap(GenericWrappers.java:578)
	at utils.Reporter.reportStep(Reporter.java:20)
	at utils.Reporter.reportStep(Reporter.java:43)
	at wrappers.GenericWrappers.takeSnap(GenericWrappers.java:578)
	at utils.Reporter.reportStep(Reporter.java:20)
	at utils.Reporter.reportStep(Reporter.java:43)
	at wrappers.GenericWrappers.takeSnap(GenericWrappers.java:578)
	at utils.Reporter.reportStep(Reporter.java:20)
	at utils.Reporter.reportStep(Reporter.java:43)
	at wrappers.GenericWrappers.takeSnap(GenericWrappers.java:578)
	at utils.Reporter.reportStep(Reporter.java:20)
	at utils.Reporter.reportStep(Reporter.java:43)
	at wrappers.GenericWrappers.takeSnap(GenericWrappers.java:578)
	at utils.Reporter.reportStep(Reporter.java:20)
	at utils.Reporter.reportStep(Reporter.java:43)
	at wrappers.GenericWrappers.takeSnap(GenericWrappers.java:578)
	at utils.Reporter.reportStep(Reporter.java:20)
	at utils.Reporter.reportStep(Reporter.java:43)
	at wrappers.GenericWrappers.takeSnap(GenericWrappers.java:578)
	at utils.Reporter.reportStep(Reporter.java:20)
	at utils.Reporter.reportStep(Reporter.java:43)
	at wrappers.GenericWrappers.takeSnap(GenericWrappers.java:578)
	at utils.Reporter.reportStep(Reporter.java:20)
	at utils.Reporter.reportStep(Reporter.java:43)
	at wrappers.GenericWrappers.takeSnap(GenericWrappers.java:578)
	at utils.Reporter.reportStep(Reporter.java:20)
	at utils.Reporter.reportStep(Reporter.java:43)
	at wrappers.GenericWrappers.takeSnap(GenericWrappers.java:578)
	at utils.Reporter.reportStep(Reporter.java:20)
	at utils.Reporter.reportStep(Reporter.java:43)
	at wrappers.GenericWrappers.takeSnap(GenericWrappers.java:578)
	at utils.Reporter.reportStep(Reporter.java:20)
	at utils.Reporter.reportStep(Reporter.java:43)
	at wrappers.GenericWrappers.takeSnap(GenericWrappers.java:578)
	at utils.Reporter.reportStep(Reporter.java:20)
	at utils.Reporter.reportStep(Reporter.java:43)
	at wrappers.GenericWrappers.takeSnap(GenericWrappers.java:578)
	at utils.Reporter.reportStep(Reporter.java:20)
	at utils.Reporter.reportStep(Reporter.java:43)
	at wrappers.GenericWrappers.takeSnap(GenericWrappers.java:578)
	at utils.Reporter.reportStep(Reporter.java:20)
	at utils.Reporter.reportStep(Reporter.java:43)
	at wrappers.GenericWrappers.takeSnap(GenericWrappers.java:578)
	at utils.Reporter.reportStep(Reporter.java:20)
	at utils.Reporter.reportStep(Reporter.java:43)
	at wrappers.GenericWrappers.takeSnap(GenericWrappers.java:578)
	at utils.Reporter.reportStep(Reporter.java:20)
	at utils.Reporter.reportStep(Reporter.java:43)
	at wrappers.GenericWrappers.takeSnap(GenericWrappers.java:578)
	at utils.Reporter.reportStep(Reporter.java:20)
	at utils.Reporter.reportStep(Reporter.java:43)
	at wrappers.GenericWrappers.takeSnap(GenericWrappers.java:578)
	at utils.Reporter.reportStep(Reporter.java:20)
	at utils.Reporter.reportStep(Reporter.java:43)
	at wrappers.GenericWrappers.takeSnap(GenericWrappers.java:578)
	at utils.Reporter.reportStep(Reporter.java:20)
	at utils.Reporter.reportStep(Reporter.java:43)
	at wrappers.GenericWrappers.takeSnap(GenericWrappers.java:578)
	at utils.Reporter.reportStep(Reporter.java:20)
	at utils.Reporter.reportStep(Reporter.java:43)
	at wrappers.GenericWrappers.takeSnap(GenericWrappers.java:578)
	at utils.Reporter.reportStep(Reporter.java:20)
	at utils.Reporter.reportStep(Reporter.java:43)
	at wrappers.GenericWrappers.takeSnap(GenericWrappers.java:578)
	at utils.Reporter.reportStep(Reporter.java:20)
	at utils.Reporter.reportStep(Reporter.java:43)
	at wrappers.GenericWrappers.takeSnap(GenericWrappers.java:578)
	at utils.Reporter.reportStep(Reporter.java:20)
	at utils.Reporter.reportStep(Reporter.java:43)
	at wrappers.GenericWrappers.takeSnap(GenericWrappers.java:578)
	at utils.Reporter.reportStep(Reporter.java:20)
	at utils.Reporter.reportStep(Reporter.java:43)
	at wrappers.GenericWrappers.takeSnap(GenericWrappers.java:578)
	at utils.Reporter.reportStep(Reporter.java:20)
	at utils.Reporter.reportStep(Reporter.java:43)
	at wrappers.GenericWrappers.takeSnap(GenericWrappers.java:578)
	at utils.Reporter.reportStep(Reporter.java:20)
	at utils.Reporter.reportStep(Reporter.java:43)
	at wrappers.GenericWrappers.takeSnap(GenericWrappers.java:578)
	at utils.Reporter.reportStep(Reporter.java:20)
	at utils.Reporter.reportStep(Reporter.java:43)
	at wrappers.GenericWrappers.takeSnap(GenericWrappers.java:578)
	at utils.Reporter.reportStep(Reporter.java:20)
	at utils.Reporter.reportStep(Reporter.java:43)
	at wrappers.GenericWrappers.takeSnap(GenericWrappers.java:578)
	at utils.Reporter.reportStep(Reporter.java:20)
	at utils.Reporter.reportStep(Reporter.java:43)
	at wrappers.GenericWrappers.takeSnap(GenericWrappers.java:578)
	at utils.Reporter.reportStep(Reporter.java:20)
	at utils.Reporter.reportStep(Reporter.java:43)
	at wrappers.GenericWrappers.takeSnap(GenericWrappers.java:578)
	at utils.Reporter.reportStep(Reporter.java:20)
	at utils.Reporter.reportStep(Reporter.java:43)
	at wrappers.GenericWrappers.takeSnap(GenericWrappers.java:578)
	at utils.Reporter.reportStep(Reporter.java:20)
	at utils.Reporter.reportStep(Reporter.java:43)
	at wrappers.GenericWrappers.takeSnap(GenericWrappers.java:578)
	at utils.Reporter.reportStep(Reporter.java:20)
	at utils.Reporter.reportStep(Reporter.java:43)
	at wrappers.GenericWrappers.takeSnap(GenericWrappers.java:578)
	at utils.Reporter.reportStep(Reporter.java:20)
	at utils.Reporter.reportStep(Reporter.java:43)
	at wrappers.GenericWrappers.takeSnap(GenericWrappers.java:578)
	at utils.Reporter.reportStep(Reporter.java:20)
	at utils.Reporter.reportStep(Reporter.java:43)
	at wrappers.GenericWrappers.takeSnap(GenericWrappers.java:578)
	at utils.Reporter.reportStep(Reporter.java:20)
	at utils.Reporter.reportStep(Reporter.java:43)
	at wrappers.GenericWrappers.takeSnap(GenericWrappers.java:578)
	at utils.Reporter.reportStep(Reporter.java:20)
	at utils.Reporter.reportStep(Reporter.java:43)
	at wrappers.GenericWrappers.takeSnap(GenericWrappers.java:578)
	at utils.Reporter.reportStep(Reporter.java:20)
	at utils.Reporter.reportStep(Reporter.java:43)
	at wrappers.GenericWrappers.takeSnap(GenericWrappers.java:578)
	at utils.Reporter.reportStep(Reporter.java:20)
	at utils.Reporter.reportStep(Reporter.java:43)
	at wrappers.GenericWrappers.takeSnap(GenericWrappers.java:578)
	at utils.Reporter.reportStep(Reporter.java:20)
	at utils.Reporter.reportStep(Reporter.java:43)
	at wrappers.GenericWrappers.takeSnap(GenericWrappers.java:578)
	at utils.Reporter.reportStep(Reporter.java:20)
	at utils.Reporter.reportStep(Reporter.java:43)
	at wrappers.GenericWrappers.takeSnap(GenericWrappers.java:578)
	at utils.Reporter.reportStep(Reporter.java:20)
	at utils.Reporter.reportStep(Reporter.java:43)
	at wrappers.GenericWrappers.takeSnap(GenericWrappers.java:578)
	at utils.Reporter.reportStep(Reporter.java:20)
	at utils.Reporter.reportStep(Reporter.java:43)
	at wrappers.GenericWrappers.takeSnap(GenericWrappers.java:578)
	at utils.Reporter.reportStep(Reporter.java:20)
	at utils.Reporter.reportStep(Reporter.java:43)
	at wrappers.GenericWrappers.takeSnap(GenericWrappers.java:578)
	at utils.Reporter.reportStep(Reporter.java:20)
	at utils.Reporter.reportStep(Reporter.java:43)
	at wrappers.GenericWrappers.takeSnap(GenericWrappers.java:578)
	at utils.Reporter.reportStep(Reporter.java:20)
	at utils.Reporter.reportStep(Reporter.java:43)
	at wrappers.GenericWrappers.takeSnap(GenericWrappers.java:578)
	at utils.Reporter.reportStep(Reporter.java:20)
	at utils.Reporter.reportStep(Reporter.java:43)
	at wrappers.GenericWrappers.takeSnap(GenericWrappers.java:578)
	at utils.Reporter.reportStep(Reporter.java:20)
	at utils.Reporter.reportStep(Reporter.java:43)
	at wrappers.GenericWrappers.takeSnap(GenericWrappers.java:578)
	at utils.Reporter.reportStep(Reporter.java:20)
	at utils.Reporter.reportStep(Reporter.java:43)
	at wrappers.GenericWrappers.takeSnap(GenericWrappers.java:578)
	at utils.Reporter.reportStep(Reporter.java:20)
	at utils.Reporter.reportStep(Reporter.java:43)
	at wrappers.GenericWrappers.takeSnap(GenericWrappers.java:578)
	at utils.Reporter.reportStep(Reporter.java:20)
	at utils.Reporter.reportStep(Reporter.java:43)
	at wrappers.GenericWrappers.takeSnap(GenericWrappers.java:578)
	at utils.Reporter.reportStep(Reporter.java:20)
	at utils.Reporter.reportStep(Reporter.java:43)
	at wrappers.GenericWrappers.takeSnap(GenericWrappers.java:578)
	at utils.Reporter.reportStep(Reporter.java:20)
	at utils.Reporter.reportStep(Reporter.java:43)
	at wrappers.GenericWrappers.takeSnap(GenericWrappers.java:578)
	at utils.Reporter.reportStep(Reporter.java:20)
	at utils.Reporter.reportStep(Reporter.java:43)
	at wrappers.GenericWrappers.takeSnap(GenericWrappers.java:578)
	at utils.Reporter.reportStep(Reporter.java:20)
	at utils.Reporter.reportStep(Reporter.java:43)
	at wrappers.GenericWrappers.takeSnap(GenericWrappers.java:578)
	at utils.Reporter.reportStep(Reporter.java:20)
	at utils.Reporter.reportStep(Reporter.java:43)
	at wrappers.GenericWrappers.takeSnap(GenericWrappers.java:578)
	at utils.Reporter.reportStep(Reporter.java:20)
	at utils.Reporter.reportStep(Reporter.java:43)
	at wrappers.GenericWrappers.takeSnap(GenericWrappers.java:578)
	at utils.Reporter.reportStep(Reporter.java:20)
	at utils.Reporter.reportStep(Reporter.java:43)
	at wrappers.GenericWrappers.takeSnap(GenericWrappers.java:578)
	at utils.Reporter.reportStep(Reporter.java:20)
	at utils.Reporter.reportStep(Reporter.java:43)
	at wrappers.GenericWrappers.takeSnap(GenericWrappers.java:578)
	at utils.Reporter.reportStep(Reporter.java:20)
	at utils.Reporter.reportStep(Reporter.java:43)
	at wrappers.GenericWrappers.takeSnap(GenericWrappers.java:578)
	at utils.Reporter.reportStep(Reporter.java:20)
	at utils.Reporter.reportStep(Reporter.java:43)
	at wrappers.GenericWrappers.takeSnap(GenericWrappers.java:578)
	at utils.Reporter.reportStep(Reporter.java:20)
	at utils.Reporter.reportStep(Reporter.java:43)
	at wrappers.GenericWrappers.takeSnap(GenericWrappers.java:578)
	at utils.Reporter.reportStep(Reporter.java:20)
	at utils.Reporter.reportStep(Reporter.java:43)
	at wrappers.GenericWrappers.takeSnap(GenericWrappers.java:578)
	at utils.Reporter.reportStep(Reporter.java:20)
	at utils.Reporter.reportStep(Reporter.java:43)
	at wrappers.GenericWrappers.takeSnap(GenericWrappers.java:578)
	at utils.Reporter.reportStep(Reporter.java:20)
	at utils.Reporter.reportStep(Reporter.java:43)
	at wrappers.GenericWrappers.takeSnap(GenericWrappers.java:578)
	at utils.Reporter.reportStep(Reporter.java:20)
	at utils.Reporter.reportStep(Reporter.java:43)
	at wrappers.GenericWrappers.takeSnap(GenericWrappers.java:578)
	at utils.Reporter.reportStep(Reporter.java:20)
	at utils.Reporter.reportStep(Reporter.java:43)
	at wrappers.GenericWrappers.takeSnap(GenericWrappers.java:578)
	at utils.Reporter.reportStep(Reporter.java:20)
	at utils.Reporter.reportStep(Reporter.java:43)
	at wrappers.GenericWrappers.takeSnap(GenericWrappers.java:578)
	at utils.Reporter.reportStep(Reporter.java:20)
	at utils.Reporter.reportStep(Reporter.java:43)
	at wrappers.GenericWrappers.takeSnap(GenericWrappers.java:578)
	at utils.Reporter.reportStep(Reporter.java:20)
	at utils.Reporter.reportStep(Reporter.java:43)
	at wrappers.GenericWrappers.takeSnap(GenericWrappers.java:578)
	at utils.Reporter.reportStep(Reporter.java:20)
	at utils.Reporter.reportStep(Reporter.java:43)
	at wrappers.GenericWrappers.takeSnap(GenericWrappers.java:578)
	at utils.Reporter.reportStep(Reporter.java:20)
	at utils.Reporter.reportStep(Reporter.java:43)
	at wrappers.GenericWrappers.takeSnap(GenericWrappers.java:578)
	at utils.Reporter.reportStep(Reporter.java:20)
	at utils.Reporter.reportStep(Reporter.java:43)
	at wrappers.GenericWrappers.takeSnap(GenericWrappers.java:578)
	at utils.Reporter.reportStep(Reporter.java:20)
	at utils.Reporter.reportStep(Reporter.java:43)
	at wrappers.GenericWrappers.takeSnap(GenericWrappers.java:578)
	at utils.Reporter.reportStep(Reporter.java:20)
	at utils.Reporter.reportStep(Reporter.java:43)
	at wrappers.GenericWrappers.takeSnap(GenericWrappers.java:578)
	at utils.Reporter.reportStep(Reporter.java:20)
	at utils.Reporter.reportStep(Reporter.java:43)
	at wrappers.GenericWrappers.takeSnap(GenericWrappers.java:578)
	at utils.Reporter.reportStep(Reporter.java:20)
	at utils.Reporter.reportStep(Reporter.java:43)
	at wrappers.GenericWrappers.takeSnap(GenericWrappers.java:578)
	at utils.Reporter.reportStep(Reporter.java:20)
	at utils.Reporter.reportStep(Reporter.java:43)
	at wrappers.GenericWrappers.takeSnap(GenericWrappers.java:578)
	at utils.Reporter.reportStep(Reporter.java:20)
	at utils.Reporter.reportStep(Reporter.java:43)
	at wrappers.GenericWrappers.takeSnap(GenericWrappers.java:578)
	at utils.Reporter.reportStep(Reporter.java:20)
	at utils.Reporter.reportStep(Reporter.java:43)
	at wrappers.GenericWrappers.takeSnap(GenericWrappers.java:578)
	at utils.Reporter.reportStep(Reporter.java:20)
	at utils.Reporter.reportStep(Reporter.java:43)
	at wrappers.GenericWrappers.takeSnap(GenericWrappers.java:578)
	at utils.Reporter.reportStep(Reporter.java:20)
	at utils.Reporter.reportStep(Reporter.java:43)
	at wrappers.GenericWrappers.takeSnap(GenericWrappers.java:578)
	at utils.Reporter.reportStep(Reporter.java:20)
	at utils.Reporter.reportStep(Reporter.java:43)
	at wrappers.GenericWrappers.takeSnap(GenericWrappers.java:578)
	at utils.Reporter.reportStep(Reporter.java:20)
	at utils.Reporter.reportStep(Reporter.java:43)
	at wrappers.GenericWrappers.takeSnap(GenericWrappers.java:578)
	at utils.Reporter.reportStep(Reporter.java:20)
	at utils.Reporter.reportStep(Reporter.java:43)
	at wrappers.GenericWrappers.takeSnap(GenericWrappers.java:578)
	at utils.Reporter.reportStep(Reporter.java:20)
	at utils.Reporter.reportStep(Reporter.java:43)
	at wrappers.GenericWrappers.takeSnap(GenericWrappers.java:578)
	at utils.Reporter.reportStep(Reporter.java:20)
	at utils.Reporter.reportStep(Reporter.java:43)
	at wrappers.GenericWrappers.takeSnap(GenericWrappers.java:578)
	at utils.Reporter.reportStep(Reporter.java:20)
	at utils.Reporter.reportStep(Reporter.java:43)
	at wrappers.GenericWrappers.takeSnap(GenericWrappers.java:578)
	at utils.Reporter.reportStep(Reporter.java:20)
	at utils.Reporter.reportStep(Reporter.java:43)
	at wrappers.GenericWrappers.takeSnap(GenericWrappers.java:578)
	at utils.Reporter.reportStep(Reporter.java:20)
	at utils.Reporter.reportStep(Reporter.java:43)
	at wrappers.GenericWrappers.takeSnap(GenericWrappers.java:578)
	at utils.Reporter.reportStep(Reporter.java:20)
	at utils.Reporter.reportStep(Reporter.java:43)
	at wrappers.GenericWrappers.takeSnap(GenericWrappers.java:578)
	at utils.Reporter.reportStep(Reporter.java:20)
	at utils.Reporter.reportStep(Reporter.java:43)
	at wrappers.GenericWrappers.takeSnap(GenericWrappers.java:578)
	at utils.Reporter.reportStep(Reporter.java:20)
	at utils.Reporter.reportStep(Reporter.java:43)
	at wrappers.GenericWrappers.takeSnap(GenericWrappers.java:578)
	at utils.Reporter.reportStep(Reporter.java:20)
	at utils.Reporter.reportStep(Reporter.java:43)
	at wrappers.GenericWrappers.takeSnap(GenericWrappers.java:578)
	at utils.Reporter.reportStep(Reporter.java:20)
	at utils.Reporter.reportStep(Reporter.java:43)
	at wrappers.GenericWrappers.takeSnap(GenericWrappers.java:578)
	at utils.Reporter.reportStep(Reporter.java:20)
	at utils.Reporter.reportStep(Reporter.java:43)
	at wrappers.GenericWrappers.takeSnap(GenericWrappers.java:578)
	at utils.Reporter.reportStep(Reporter.java:20)
	at utils.Reporter.reportStep(Reporter.java:43)
	at wrappers.GenericWrappers.takeSnap(GenericWrappers.java:578)
	at utils.Reporter.reportStep(Reporter.java:20)
	at utils.Reporter.reportStep(Reporter.java:43)
	at wrappers.GenericWrappers.takeSnap(GenericWrappers.java:578)
	at utils.Reporter.reportStep(Reporter.java:20)
	at utils.Reporter.reportStep(Reporter.java:43)
	at wrappers.GenericWrappers.takeSnap(GenericWrappers.java:578)
	at utils.Reporter.reportStep(Reporter.java:20)
	at utils.Reporter.reportStep(Reporter.java:43)
	at wrappers.GenericWrappers.takeSnap(GenericWrappers.java:578)
	at utils.Reporter.reportStep(Reporter.java:20)
	at utils.Reporter.reportStep(Reporter.java:43)
	at wrappers.GenericWrappers.takeSnap(GenericWrappers.java:578)
	at utils.Reporter.reportStep(Reporter.java:20)
	at utils.Reporter.reportStep(Reporter.java:43)
	at wrappers.GenericWrappers.takeSnap(GenericWrappers.java:578)
	at utils.Reporter.reportStep(Reporter.java:20)
	at utils.Reporter.reportStep(Reporter.java:43)
	at wrappers.GenericWrappers.takeSnap(GenericWrappers.java:578)
	at utils.Reporter.reportStep(Reporter.java:20)
	at utils.Reporter.reportStep(Reporter.java:43)
	at wrappers.GenericWrappers.takeSnap(GenericWrappers.java:578)
	at utils.Reporter.reportStep(Reporter.java:20)
	at utils.Reporter.reportStep(Reporter.java:43)
	at wrappers.GenericWrappers.takeSnap(GenericWrappers.java:578)
	at utils.Reporter.reportStep(Reporter.java:20)
	at utils.Reporter.reportStep(Reporter.java:43)
	at wrappers.GenericWrappers.takeSnap(GenericWrappers.java:578)
	at utils.Reporter.reportStep(Reporter.java:20)
	at utils.Reporter.reportStep(Reporter.java:43)
	at wrappers.GenericWrappers.takeSnap(GenericWrappers.java:578)
	at utils.Reporter.reportStep(Reporter.java:20)
	at utils.Reporter.reportStep(Reporter.java:43)
	at wrappers.GenericWrappers.takeSnap(GenericWrappers.java:578)
	at utils.Reporter.reportStep(Reporter.java:20)
	at utils.Reporter.reportStep(Reporter.java:43)
	at wrappers.GenericWrappers.takeSnap(GenericWrappers.java:578)
	at utils.Reporter.reportStep(Reporter.java:20)
	at utils.Reporter.reportStep(Reporter.java:43)
	at wrappers.GenericWrappers.takeSnap(GenericWrappers.java:578)
	at utils.Reporter.reportStep(Reporter.java:20)
	at utils.Reporter.reportStep(Reporter.java:43)
	at wrappers.GenericWrappers.takeSnap(GenericWrappers.java:578)
	at utils.Reporter.reportStep(Reporter.java:20)
	at utils.Reporter.reportStep(Reporter.java:43)
	at wrappers.GenericWrappers.takeSnap(GenericWrappers.java:578)
	at utils.Reporter.reportStep(Reporter.java:20)
	at utils.Reporter.reportStep(Reporter.java:43)
	at wrappers.GenericWrappers.takeSnap(GenericWrappers.java:578)
	at utils.Reporter.reportStep(Reporter.java:20)
	at utils.Reporter.reportStep(Reporter.java:43)
	at wrappers.GenericWrappers.takeSnap(GenericWrappers.java:578)
	at utils.Reporter.reportStep(Reporter.java:20)
	at utils.Reporter.reportStep(Reporter.java:43)
	at wrappers.GenericWrappers.takeSnap(GenericWrappers.java:578)
	at utils.Reporter.reportStep(Reporter.java:20)
	at utils.Reporter.reportStep(Reporter.java:43)
	at wrappers.GenericWrappers.takeSnap(GenericWrappers.java:578)
	at utils.Reporter.reportStep(Reporter.java:20)
	at utils.Reporter.reportStep(Reporter.java:43)
	at wrappers.GenericWrappers.takeSnap(GenericWrappers.java:578)
	at utils.Reporter.reportStep(Reporter.java:20)
	at utils.Reporter.reportStep(Reporter.java:43)
	at wrappers.GenericWrappers.takeSnap(GenericWrappers.java:578)
	at utils.Reporter.reportStep(Reporter.java:20)
	at utils.Reporter.reportStep(Reporter.java:43)
	at wrappers.GenericWrappers.takeSnap(GenericWrappers.java:578)
	at utils.Reporter.reportStep(Reporter.java:20)
	at utils.Reporter.reportStep(Reporter.java:43)
	at wrappers.GenericWrappers.takeSnap(GenericWrappers.java:578)
	at utils.Reporter.reportStep(Reporter.java:20)
	at utils.Reporter.reportStep(Reporter.java:43)
	at wrappers.GenericWrappers.takeSnap(GenericWrappers.java:578)
	at utils.Reporter.reportStep(Reporter.java:20)
	at utils.Reporter.reportStep(Reporter.java:43)
	at wrappers.GenericWrappers.takeSnap(GenericWrappers.java:578)
	at utils.Reporter.reportStep(Reporter.java:20)
	at utils.Reporter.reportStep(Reporter.java:43)
	at wrappers.GenericWrappers.takeSnap(GenericWrappers.java:578)
	at utils.Reporter.reportStep(Reporter.java:20)
	at utils.Reporter.reportStep(Reporter.java:43)
	at wrappers.GenericWrappers.takeSnap(GenericWrappers.java:578)
	at utils.Reporter.reportStep(Reporter.java:20)
	at utils.Reporter.reportStep(Reporter.java:43)
	at wrappers.GenericWrappers.takeSnap(GenericWrappers.java:578)
	at utils.Reporter.reportStep(Reporter.java:20)
	at utils.Reporter.reportStep(Reporter.java:43)
	at wrappers.GenericWrappers.takeSnap(GenericWrappers.java:578)
	at utils.Reporter.reportStep(Reporter.java:20)
	at utils.Reporter.reportStep(Reporter.java:43)
	at wrappers.GenericWrappers.takeSnap(GenericWrappers.java:578)
	at utils.Reporter.reportStep(Reporter.java:20)
	at utils.Reporter.reportStep(Reporter.java:43)
	at wrappers.GenericWrappers.takeSnap(GenericWrappers.java:578)
	at utils.Reporter.reportStep(Reporter.java:20)
	at utils.Reporter.reportStep(Reporter.java:43)
	at wrappers.GenericWrappers.takeSnap(GenericWrappers.java:578)
	at utils.Reporter.reportStep(Reporter.java:20)
	at utils.Reporter.reportStep(Reporter.java:43)
	at wrappers.GenericWrappers.takeSnap(GenericWrappers.java:578)
	at utils.Reporter.reportStep(Reporter.java:20)
	at utils.Reporter.reportStep(Reporter.java:43)
	at wrappers.GenericWrappers.takeSnap(GenericWrappers.java:578)
	at utils.Reporter.reportStep(Reporter.java:20)
	at utils.Reporter.reportStep(Reporter.java:43)
	at wrappers.GenericWrappers.takeSnap(GenericWrappers.java:578)
	at utils.Reporter.reportStep(Reporter.java:20)
	at utils.Reporter.reportStep(Reporter.java:43)
	at wrappers.GenericWrappers.takeSnap(GenericWrappers.java:578)
	at utils.Reporter.reportStep(Reporter.java:20)
	at utils.Reporter.reportStep(Reporter.java:43)
	at wrappers.GenericWrappers.takeSnap(GenericWrappers.java:578)
	at utils.Reporter.reportStep(Reporter.java:20)
	at utils.Reporter.reportStep(Reporter.java:43)
	at wrappers.GenericWrappers.takeSnap(GenericWrappers.java:578)
	at utils.Reporter.reportStep(Reporter.java:20)
	at utils.Reporter.reportStep(Reporter.java:43)
	at wrappers.GenericWrappers.takeSnap(GenericWrappers.java:578)
	at utils.Reporter.reportStep(Reporter.java:20)
	at utils.Reporter.reportStep(Reporter.java:43)
	at wrappers.GenericWrappers.takeSnap(GenericWrappers.java:578)
	at utils.Reporter.reportStep(Reporter.java:20)
	at utils.Reporter.reportStep(Reporter.java:43)
	at wrappers.GenericWrappers.takeSnap(GenericWrappers.java:578)
	at utils.Reporter.reportStep(Reporter.java:20)
	at utils.Reporter.reportStep(Reporter.java:43)
	at wrappers.GenericWrappers.takeSnap(GenericWrappers.java:578)
	at utils.Reporter.reportStep(Reporter.java:20)
	at utils.Reporter.reportStep(Reporter.java:43)
	at wrappers.GenericWrappers.takeSnap(GenericWrappers.java:578)
	at utils.Reporter.reportStep(Reporter.java:20)
	at utils.Reporter.reportStep(Reporter.java:43)
	at wrappers.GenericWrappers.takeSnap(GenericWrappers.java:578)
	at utils.Reporter.reportStep(Reporter.java:20)
	at utils.Reporter.reportStep(Reporter.java:43)
	at wrappers.GenericWrappers.takeSnap(GenericWrappers.java:578)
	at utils.Reporter.reportStep(Reporter.java:20)
	at utils.Reporter.reportStep(Reporter.java:43)
	at wrappers.GenericWrappers.takeSnap(GenericWrappers.java:578)
	at utils.Reporter.reportStep(Reporter.java:20)
	at utils.Reporter.reportStep(Reporter.java:43)
	at wrappers.GenericWrappers.takeSnap(GenericWrappers.java:578)
	at utils.Reporter.reportStep(Reporter.java:20)
	at utils.Reporter.reportStep(Reporter.java:43)
	at wrappers.GenericWrappers.takeSnap(GenericWrappers.java:578)
	at utils.Reporter.reportStep(Reporter.java:20)
	at utils.Reporter.reportStep(Reporter.java:43)
	at wrappers.GenericWrappers.takeSnap(GenericWrappers.java:578)
	at utils.Reporter.reportStep(Reporter.java:20)
	at utils.Reporter.reportStep(Reporter.java:43)
	at wrappers.GenericWrappers.takeSnap(GenericWrappers.java:578)
	at utils.Reporter.reportStep(Reporter.java:20)
	at utils.Reporter.reportStep(Reporter.java:43)
	at wrappers.GenericWrappers.takeSnap(GenericWrappers.java:578)
	at utils.Reporter.reportStep(Reporter.java:20)
	at utils.Reporter.reportStep(Reporter.java:43)
	at wrappers.GenericWrappers.takeSnap(GenericWrappers.java:578)
	at utils.Reporter.reportStep(Reporter.java:20)
	at utils.Reporter.reportStep(Reporter.java:43)
	at wrappers.GenericWrappers.takeSnap(GenericWrappers.java:578)
	at utils.Reporter.reportStep(Reporter.java:20)
	at utils.Reporter.reportStep(Reporter.java:43)
	at wrappers.GenericWrappers.takeSnap(GenericWrappers.java:578)
	at utils.Reporter.reportStep(Reporter.java:20)
	at utils.Reporter.reportStep(Reporter.java:43)
	at wrappers.GenericWrappers.takeSnap(GenericWrappers.java:578)
	at utils.Reporter.reportStep(Reporter.java:20)
	at utils.Reporter.reportStep(Reporter.java:43)
	at wrappers.GenericWrappers.takeSnap(GenericWrappers.java:578)
	at utils.Reporter.reportStep(Reporter.java:20)
	at utils.Reporter.reportStep(Reporter.java:43)
	at wrappers.GenericWrappers.takeSnap(GenericWrappers.java:578)
	at utils.Reporter.reportStep(Reporter.java:20)
	at utils.Reporter.reportStep(Reporter.java:43)
	at wrappers.GenericWrappers.takeSnap(GenericWrappers.java:578)
	at utils.Reporter.reportStep(Reporter.java:20)
	at utils.Reporter.reportStep(Reporter.java:43)
	at wrappers.GenericWrappers.takeSnap(GenericWrappers.java:578)
	at utils.Reporter.reportStep(Reporter.java:20)
	at utils.Reporter.reportStep(Reporter.java:43)
	at wrappers.GenericWrappers.takeSnap(GenericWrappers.java:578)
	at utils.Reporter.reportStep(Reporter.java:20)
	at utils.Reporter.reportStep(Reporter.java:43)
	at wrappers.GenericWrappers.takeSnap(GenericWrappers.java:578)
	at utils.Reporter.reportStep(Reporter.java:20)
	at utils.Reporter.reportStep(Reporter.java:43)
	at wrappers.GenericWrappers.takeSnap(GenericWrappers.java:578)
	at utils.Reporter.reportStep(Reporter.java:20)
	at utils.Reporter.reportStep(Reporter.java:43)
	at wrappers.GenericWrappers.takeSnap(GenericWrappers.java:578)
	at utils.Reporter.reportStep(Reporter.java:20)
	at utils.Reporter.reportStep(Reporter.java:43)
	at wrappers.GenericWrappers.takeSnap(GenericWrappers.java:578)
	at utils.Reporter.reportStep(Reporter.java:20)
	at utils.Reporter.reportStep(Reporter.java:43)
	at wrappers.GenericWrappers.takeSnap(GenericWrappers.java:578)
	at utils.Reporter.reportStep(Reporter.java:20)
	at utils.Reporter.reportStep(Reporter.java:43)
	at wrappers.GenericWrappers.takeSnap(GenericWrappers.java:578)
	at utils.Reporter.reportStep(Reporter.java:20)
	at utils.Reporter.reportStep(Reporter.java:43)
	at wrappers.GenericWrappers.takeSnap(GenericWrappers.java:578)
	at utils.Reporter.reportStep(Reporter.java:20)
	at utils.Reporter.reportStep(Reporter.java:43)
	at wrappers.GenericWrappers.takeSnap(GenericWrappers.java:578)
	at utils.Reporter.reportStep(Reporter.java:20)
	at utils.Reporter.reportStep(Reporter.java:43)
	at wrappers.GenericWrappers.takeSnap(GenericWrappers.java:578)
	at utils.Reporter.reportStep(Reporter.java:20)
	at utils.Reporter.reportStep(Reporter.java:43)
	at wrappers.GenericWrappers.takeSnap(GenericWrappers.java:578)
	at utils.Reporter.reportStep(Reporter.java:20)
	at utils.Reporter.reportStep(Reporter.java:43)
	at wrappers.GenericWrappers.takeSnap(GenericWrappers.java:578)
	at utils.Reporter.reportStep(Reporter.java:20)
	at utils.Reporter.reportStep(Reporter.java:43)
	at wrappers.GenericWrappers.takeSnap(GenericWrappers.java:578)
	at utils.Reporter.reportStep(Reporter.java:20)
	at utils.Reporter.reportStep(Reporter.java:43)
	at wrappers.GenericWrappers.takeSnap(GenericWrappers.java:578)
	at utils.Reporter.reportStep(Reporter.java:20)
	at utils.Reporter.reportStep(Reporter.java:43)
	at wrappers.GenericWrappers.takeSnap(GenericWrappers.java:578)
	at utils.Reporter.reportStep(Reporter.java:20)
	at utils.Reporter.reportStep(Reporter.java:43)
	at wrappers.GenericWrappers.takeSnap(GenericWrappers.java:578)
	at utils.Reporter.reportStep(Reporter.java:20)
	at utils.Reporter.reportStep(Reporter.java:43)
	at wrappers.GenericWrappers.takeSnap(GenericWrappers.java:578)
	at utils.Reporter.reportStep(Reporter.java:20)
	at utils.Reporter.reportStep(Reporter.java:43)
	at wrappers.GenericWrappers.takeSnap(GenericWrappers.java:578)
	at utils.Reporter.reportStep(Reporter.java:20)
	at utils.Reporter.reportStep(Reporter.java:43)
	at wrappers.GenericWrappers.takeSnap(GenericWrappers.java:578)
	at utils.Reporter.reportStep(Reporter.java:20)
	at utils.Reporter.reportStep(Reporter.java:43)
	at wrappers.GenericWrappers.takeSnap(GenericWrappers.java:578)
	at utils.Reporter.reportStep(Reporter.java:20)
	at utils.Reporter.reportStep(Reporter.java:43)
	at wrappers.GenericWrappers.takeSnap(GenericWrappers.java:578)
	at utils.Reporter.reportStep(Reporter.java:20)
	at utils.Reporter.reportStep(Reporter.java:43)
	at wrappers.GenericWrappers.takeSnap(GenericWrappers.java:578)
	at utils.Reporter.reportStep(Reporter.java:20)
	at utils.Reporter.reportStep(Reporter.java:43)
	at wrappers.GenericWrappers.takeSnap(GenericWrappers.java:578)
	at utils.Reporter.reportStep(Reporter.java:20)
	at utils.Reporter.reportStep(Reporter.java:43)
	at wrappers.GenericWrappers.takeSnap(GenericWrappers.java:578)
	at utils.Reporter.reportStep(Reporter.java:20)
	at utils.Reporter.reportStep(Reporter.java:43)
	at wrappers.GenericWrappers.takeSnap(GenericWrappers.java:578)
	at utils.Reporter.reportStep(Reporter.java:20)
	at utils.Reporter.reportStep(Reporter.java:43)
	at wrappers.GenericWrappers.takeSnap(GenericWrappers.java:578)
	at utils.Reporter.reportStep(Reporter.java:20)
	at utils.Reporter.reportStep(Reporter.java:43)
	at wrappers.GenericWrappers.takeSnap(GenericWrappers.java:578)
	at utils.Reporter.reportStep(Reporter.java:20)
	at utils.Reporter.reportStep(Reporter.java:43)
	at wrappers.GenericWrappers.takeSnap(GenericWrappers.java:578)
	at utils.Reporter.reportStep(Reporter.java:20)
	at utils.Reporter.reportStep(Reporter.java:43)
	at wrappers.GenericWrappers.takeSnap(GenericWrappers.java:578)
	at utils.Reporter.reportStep(Reporter.java:20)
	at utils.Reporter.reportStep(Reporter.java:43)
	at wrappers.GenericWrappers.takeSnap(GenericWrappers.java:578)
	at utils.Reporter.reportStep(Reporter.java:20)
	at utils.Reporter.reportStep(Reporter.java:43)
	at wrappers.GenericWrappers.takeSnap(GenericWrappers.java:578)
	at utils.Reporter.reportStep(Reporter.java:20)
	at utils.Reporter.reportStep(Reporter.java:43)
	at wrappers.GenericWrappers.takeSnap(GenericWrappers.java:578)
	at utils.Reporter.reportStep(Reporter.java:20)
	at utils.Reporter.reportStep(Reporter.java:43)
	at wrappers.GenericWrappers.takeSnap(GenericWrappers.java:578)
	at utils.Reporter.reportStep(Reporter.java:20)
	at utils.Reporter.reportStep(Reporter.java:43)
	at wrappers.GenericWrappers.takeSnap(GenericWrappers.java:578)
	at utils.Reporter.reportStep(Reporter.java:20)
	at utils.Reporter.reportStep(Reporter.java:43)
	at wrappers.GenericWrappers.takeSnap(GenericWrappers.java:578)
	at utils.Reporter.reportStep(Reporter.java:20)
	at utils.Reporter.reportStep(Reporter.java:43)
	at wrappers.GenericWrappers.takeSnap(GenericWrappers.java:578)
	at utils.Reporter.reportStep(Reporter.java:20)
	at utils.Reporter.reportStep(Reporter.java:43)
	at wrappers.GenericWrappers.takeSnap(GenericWrappers.java:578)
	at utils.Reporter.reportStep(Reporter.java:20)
	at utils.Reporter.reportStep(Reporter.java:43)
	at wrappers.GenericWrappers.takeSnap(GenericWrappers.java:578)
	at utils.Reporter.reportStep(Reporter.java:20)
	at utils.Reporter.reportStep(Reporter.java:43)
	at wrappers.GenericWrappers.takeSnap(GenericWrappers.java:578)
	at utils.Reporter.reportStep(Reporter.java:20)
	at utils.Reporter.reportStep(Reporter.java:43)
	at wrappers.GenericWrappers.takeSnap(GenericWrappers.java:578)
	at utils.Reporter.reportStep(Reporter.java:20)
	at utils.Reporter.reportStep(Reporter.java:43)
	at wrappers.GenericWrappers.takeSnap(GenericWrappers.java:578)
	at utils.Reporter.reportStep(Reporter.java:20)
	at utils.Reporter.reportStep(Reporter.java:43)
	at wrappers.GenericWrappers.takeSnap(GenericWrappers.java:578)
	at utils.Reporter.reportStep(Reporter.java:20)
	at utils.Reporter.reportStep(Reporter.java:43)
	at wrappers.GenericWrappers.takeSnap(GenericWrappers.java:578)
	at utils.Reporter.reportStep(Reporter.java:20)
	at utils.Reporter.reportStep(Reporter.java:43)
	at wrappers.GenericWrappers.takeSnap(GenericWrappers.java:578)
	at utils.Reporter.reportStep(Reporter.java:20)
	at utils.Reporter.reportStep(Reporter.java:43)
	at wrappers.GenericWrappers.takeSnap(GenericWrappers.java:578)
	at utils.Reporter.reportStep(Reporter.java:20)
	at utils.Reporter.reportStep(Reporter.java:43)
	at wrappers.GenericWrappers.takeSnap(GenericWrappers.java:578)
	at utils.Reporter.reportStep(Reporter.java:20)
	at utils.Reporter.reportStep(Reporter.java:43)
	at wrappers.GenericWrappers.takeSnap(GenericWrappers.java:578)
	at utils.Reporter.reportStep(Reporter.java:20)
	at utils.Reporter.reportStep(Reporter.java:43)
	at wrappers.GenericWrappers.takeSnap(GenericWrappers.java:578)
	at utils.Reporter.reportStep(Reporter.java:20)
	at utils.Reporter.reportStep(Reporter.java:43)
	at wrappers.GenericWrappers.takeSnap(GenericWrappers.java:578)
	at utils.Reporter.reportStep(Reporter.java:20)
	at utils.Reporter.reportStep(Reporter.java:43)
	at wrappers.GenericWrappers.takeSnap(GenericWrappers.java:578)
	at utils.Reporter.reportStep(Reporter.java:20)
	at utils.Reporter.reportStep(Reporter.java:43)
	at wrappers.GenericWrappers.takeSnap(GenericWrappers.java:578)
	at utils.Reporter.reportStep(Reporter.java:20)
	at utils.Reporter.reportStep(Reporter.java:43)
	at wrappers.GenericWrappers.takeSnap(GenericWrappers.java:578)
	at utils.Reporter.reportStep(Reporter.java:20)
	at utils.Reporter.reportStep(Reporter.java:43)
	at wrappers.GenericWrappers.takeSnap(GenericWrappers.java:578)
	at utils.Reporter.reportStep(Reporter.java:20)
	at utils.Reporter.reportStep(Reporter.java:43)
	at wrappers.GenericWrappers.takeSnap(GenericWrappers.java:578)
	at utils.Reporter.reportStep(Reporter.java:20)
	at utils.Reporter.reportStep(Reporter.java:43)
	at wrappers.GenericWrappers.takeSnap(GenericWrappers.java:578)
	at utils.Reporter.reportStep(Reporter.java:20)
	at utils.Reporter.reportStep(Reporter.java:43)
	at wrappers.GenericWrappers.takeSnap(GenericWrappers.java:578)
	at utils.Reporter.reportStep(Reporter.java:20)
	at utils.Reporter.reportStep(Reporter.java:43)
	at wrappers.GenericWrappers.takeSnap(GenericWrappers.java:578)
	at utils.Reporter.reportStep(Reporter.java:20)
	at utils.Reporter.reportStep(Reporter.java:43)
	at wrappers.GenericWrappers.takeSnap(GenericWrappers.java:578)
	at utils.Reporter.reportStep(Reporter.java:20)
	at utils.Reporter.reportStep(Reporter.java:43)
	at wrappers.GenericWrappers.takeSnap(GenericWrappers.java:578)
	at utils.Reporter.reportStep(Reporter.java:20)
	at utils.Reporter.reportStep(Reporter.java:43)
	at wrappers.GenericWrappers.takeSnap(GenericWrappers.java:578)
	at utils.Reporter.reportStep(Reporter.java:20)
	at utils.Reporter.reportStep(Reporter.java:43)
	at wrappers.GenericWrappers.takeSnap(GenericWrappers.java:578)
	at utils.Reporter.reportStep(Reporter.java:20)
	at utils.Reporter.reportStep(Reporter.java:43)
	at wrappers.GenericWrappers.takeSnap(GenericWrappers.java:578)
	at utils.Reporter.reportStep(Reporter.java:20)
	at utils.Reporter.reportStep(Reporter.java:43)
	at wrappers.GenericWrappers.takeSnap(GenericWrappers.java:578)
	at utils.Reporter.reportStep(Reporter.java:20)
	at utils.Reporter.reportStep(Reporter.java:43)
	at wrappers.GenericWrappers.takeSnap(GenericWrappers.java:578)
	at utils.Reporter.reportStep(Reporter.java:20)
	at utils.Reporter.reportStep(Reporter.java:43)
	at wrappers.GenericWrappers.takeSnap(GenericWrappers.java:578)
	at utils.Reporter.reportStep(Reporter.java:20)
	at utils.Reporter.reportStep(Reporter.java:43)
	at wrappers.GenericWrappers.takeSnap(GenericWrappers.java:578)
	at utils.Reporter.reportStep(Reporter.java:20)
	at utils.Reporter.reportStep(Reporter.java:43)
	at wrappers.GenericWrappers.takeSnap(GenericWrappers.java:578)
	at utils.Reporter.reportStep(Reporter.java:20)
	at utils.Reporter.reportStep(Reporter.java:43)
	at wrappers.GenericWrappers.takeSnap(GenericWrappers.java:578)
	at utils.Reporter.reportStep(Reporter.java:20)
	at utils.Reporter.reportStep(Reporter.java:43)
	at wrappers.GenericWrappers.takeSnap(GenericWrappers.java:578)
	at utils.Reporter.reportStep(Reporter.java:20)
	at utils.Reporter.reportStep(Reporter.java:43)
	at wrappers.GenericWrappers.takeSnap(GenericWrappers.java:578)
	at utils.Reporter.reportStep(Reporter.java:20)
	at utils.Reporter.reportStep(Reporter.java:43)
	at wrappers.GenericWrappers.takeSnap(GenericWrappers.java:578)
	at utils.Reporter.reportStep(Reporter.java:20)
	at utils.Reporter.reportStep(Reporter.java:43)
]]>
    </error>
  </testcase> <!-- loginLogOut -->
</testsuite> <!-- testcases.TC001_LoginLogOut -->
