<?xml version="1.0" encoding="UTF-8"?>
<!-- Generated by org.testng.reporters.JUnitReportReporter -->
<testsuite name="testcases.TC001_LoginLogOut" tests="2" time="85.231" ignored="0" failures="0" timestamp="12 Jan 2018 10:29:21 GMT" skipped="0" hostname="maxpro11" errors="0">
  <testcase name="loginLogOut" time="42.482" classname="testcases.TC001_LoginLogOut"/>
  <testcase name="loginLogOut" time="42.749" classname="testcases.TC001_LoginLogOut"/>
</testsuite> <!-- testcases.TC001_LoginLogOut -->
