<?xml version="1.0" encoding="UTF-8"?>
<!-- Generated by org.testng.reporters.JUnitReportReporter -->
<testsuite name="testcases.TC001_LoginLogOut" tests="2" time="125.700" ignored="4" failures="0" timestamp="23 Jan 2018 06:43:38 GMT" skipped="0" hostname="maxpro11" errors="0">
  <testcase name="loginLogOut" time="63.111" classname="testcases.TC001_LoginLogOut"/>
  <testcase name="loginLogOut" time="62.589" classname="testcases.TC001_LoginLogOut"/>
  <testcase name="beforeTest" classname="wrappers.LeafTapsWrappers">
    <skipped/>
  </testcase> <!-- beforeTest -->
  <testcase name="afterSuite" classname="wrappers.LeafTapsWrappers">
    <skipped/>
  </testcase> <!-- afterSuite -->
  <testcase name="beforeSuite" classname="wrappers.LeafTapsWrappers">
    <skipped/>
  </testcase> <!-- beforeSuite -->
  <testcase name="afterTest" classname="wrappers.LeafTapsWrappers">
    <skipped/>
  </testcase> <!-- afterTest -->
</testsuite> <!-- testcases.TC001_LoginLogOut -->
