<?xml version="1.0" encoding="UTF-8"?>
<!-- Generated by org.testng.reporters.JUnitReportReporter -->
<testsuite name="testcases.TC001_LoginLogOut" tests="2" time="78.410" ignored="0" failures="0" timestamp="06 Jan 2018 15:04:51 GMT" skipped="0" hostname="maxpro11" errors="0">
  <testcase name="loginLogOut" time="38.076" classname="testcases.TC001_LoginLogOut"/>
  <testcase name="loginLogOut" time="40.334" classname="testcases.TC001_LoginLogOut"/>
</testsuite> <!-- testcases.TC001_LoginLogOut -->
