<?xml version="1.0" encoding="UTF-8"?>
<!-- Generated by org.testng.reporters.JUnitReportReporter -->
<testsuite name="testcases.TC002_CreateLead" tests="1" time="0.000" ignored="8" failures="0" timestamp="17 Aug 2017 13:58:03 GMT" skipped="0" hostname="maxpro11" errors="1">
  <testcase name="createLead" time="0.000" classname="testcases.TC002_CreateLead">
    <error type="org.testng.TestNGException" message="
Data Provider public java.lang.Object[][] wrappers.LeafTapsWrappers.getData() must return either Object[][] or Iterator&lt;Object&gt;[], not class [[Ljava.lang.Object;">
      <![CDATA[org.testng.TestNGException: 
Data Provider public java.lang.Object[][] wrappers.LeafTapsWrappers.getData() must return either Object[][] or Iterator<Object>[], not class [[Ljava.lang.Object;
	at org.testng.internal.MethodInvocationHelper.invokeDataProvider(MethodInvocationHelper.java:133)
	at org.testng.internal.Parameters.handleParameters(Parameters.java:509)
	at org.testng.internal.Invoker.handleParameters(Invoker.java:1293)
	at org.testng.internal.Invoker.createParameters(Invoker.java:1020)
	at org.testng.internal.Invoker.invokeTestMethods(Invoker.java:1110)
	at org.testng.internal.TestMethodWorker.invokeTestMethods(TestMethodWorker.java:129)
	at org.testng.internal.TestMethodWorker.run(TestMethodWorker.java:112)
	at java.util.concurrent.ThreadPoolExecutor.runWorker(Unknown Source)
	at java.util.concurrent.ThreadPoolExecutor$Worker.run(Unknown Source)
	at java.lang.Thread.run(Unknown Source)
]]>
    </error>
  </testcase> <!-- createLead -->
  <testcase name="beforeTest" classname="wrappers.LeafTapsWrappers">
    <skipped/>
  </testcase> <!-- beforeTest -->
  <testcase name="beforeTest" classname="wrappers.LeafTapsWrappers">
    <skipped/>
  </testcase> <!-- beforeTest -->
  <testcase name="afterSuite" classname="wrappers.LeafTapsWrappers">
    <skipped/>
  </testcase> <!-- afterSuite -->
  <testcase name="afterSuite" classname="wrappers.LeafTapsWrappers">
    <skipped/>
  </testcase> <!-- afterSuite -->
  <testcase name="beforeSuite" classname="wrappers.LeafTapsWrappers">
    <skipped/>
  </testcase> <!-- beforeSuite -->
  <testcase name="beforeSuite" classname="wrappers.LeafTapsWrappers">
    <skipped/>
  </testcase> <!-- beforeSuite -->
  <testcase name="afterTest" classname="wrappers.LeafTapsWrappers">
    <skipped/>
  </testcase> <!-- afterTest -->
  <testcase name="afterTest" classname="wrappers.LeafTapsWrappers">
    <skipped/>
  </testcase> <!-- afterTest -->
</testsuite> <!-- testcases.TC002_CreateLead -->
