<?xml version="1.0" encoding="UTF-8"?>
<!-- Generated by org.testng.reporters.JUnitReportReporter -->
<testsuite name="testcases.TC001_Loginnegative" tests="4" time="135.589" ignored="4" failures="0" timestamp="08 Jan 2018 09:45:44 GMT" skipped="0" hostname="maxpro11" errors="0">
  <testcase name="loginLogOut" time="34.290" classname="testcases.TC001_Loginnegative"/>
  <testcase name="loginLogOut" time="33.541" classname="testcases.TC001_Loginnegative"/>
  <testcase name="loginLogOut" time="32.949" classname="testcases.TC001_Loginnegative"/>
  <testcase name="loginLogOut" time="34.809" classname="testcases.TC001_Loginnegative"/>
  <testcase name="beforeTest" classname="wrappers.LeafTapsWrappers">
    <skipped/>
  </testcase> <!-- beforeTest -->
  <testcase name="afterSuite" classname="wrappers.LeafTapsWrappers">
    <skipped/>
  </testcase> <!-- afterSuite -->
  <testcase name="beforeSuite" classname="wrappers.LeafTapsWrappers">
    <skipped/>
  </testcase> <!-- beforeSuite -->
  <testcase name="afterTest" classname="wrappers.LeafTapsWrappers">
    <skipped/>
  </testcase> <!-- afterTest -->
</testsuite> <!-- testcases.TC001_Loginnegative -->
