<?xml version="1.0" encoding="UTF-8"?>
<!-- Generated by org.testng.reporters.JUnitReportReporter -->
<testsuite name="testcases.TC001_Loginnegative" tests="4" time="166.790" ignored="4" failures="0" timestamp="23 Jan 2018 06:43:38 GMT" skipped="0" hostname="maxpro11" errors="1">
  <testcase name="loginLogOut" time="47.162" classname="testcases.TC001_Loginnegative"/>
  <testcase name="loginLogOut" time="31.099" classname="testcases.TC001_Loginnegative"/>
  <testcase name="loginLogOut" time="40.876" classname="testcases.TC001_Loginnegative">
    <error type="java.lang.RuntimeException" message="FAILED">
      <![CDATA[java.lang.RuntimeException: FAILED
	at utils.Reporter.reportStep(Reporter.java:33)
	at utils.Reporter.reportStep(Reporter.java:43)
	at wrappers.GenericWrappers.verifyTextContainsById(GenericWrappers.java:289)
	at pages.LoginPage.verifyLoginDetails(LoginPage.java:48)
	at testcases.TC001_Loginnegative.loginLogOut(TC001_Loginnegative.java:31)
	at sun.reflect.NativeMethodAccessorImpl.invoke0(Native Method)
	at sun.reflect.NativeMethodAccessorImpl.invoke(Unknown Source)
	at sun.reflect.DelegatingMethodAccessorImpl.invoke(Unknown Source)
	at java.lang.reflect.Method.invoke(Unknown Source)
	at org.testng.internal.MethodInvocationHelper.invokeMethod(MethodInvocationHelper.java:104)
	at org.testng.internal.Invoker.invokeMethod(Invoker.java:645)
	at org.testng.internal.Invoker.invokeTestMethod(Invoker.java:851)
	at org.testng.internal.Invoker.invokeTestMethods(Invoker.java:1177)
	at org.testng.internal.TestMethodWorker.invokeTestMethods(TestMethodWorker.java:129)
	at org.testng.internal.TestMethodWorker.run(TestMethodWorker.java:112)
	at java.util.concurrent.ThreadPoolExecutor.runWorker(Unknown Source)
	at java.util.concurrent.ThreadPoolExecutor$Worker.run(Unknown Source)
	at java.lang.Thread.run(Unknown Source)
]]>
    </error>
  </testcase> <!-- loginLogOut -->
  <testcase name="loginLogOut" time="47.653" classname="testcases.TC001_Loginnegative"/>
  <testcase name="beforeTest" classname="wrappers.LeafTapsWrappers">
    <skipped/>
  </testcase> <!-- beforeTest -->
  <testcase name="afterSuite" classname="wrappers.LeafTapsWrappers">
    <skipped/>
  </testcase> <!-- afterSuite -->
  <testcase name="beforeSuite" classname="wrappers.LeafTapsWrappers">
    <skipped/>
  </testcase> <!-- beforeSuite -->
  <testcase name="afterTest" classname="wrappers.LeafTapsWrappers">
    <skipped/>
  </testcase> <!-- afterTest -->
</testsuite> <!-- testcases.TC001_Loginnegative -->
